<?xml version="1.0" encoding="UTF-8"?>
<testng-results ignored="0" total="3" passed="0" failed="3" skipped="0">
  <reporter-output>
  </reporter-output>
  <suite started-at="2021-07-08T09:02:19Z" name="Surefire suite" finished-at="2021-07-08T09:02:22Z" duration-ms="3154">
    <groups>
      <group name="Regression Test">
        <method signature="BikeDetailsTest.verifyHondaPage()[pri:0, instance:com.bikes.testCases.BikeDetailsTest@36804139]" name="verifyHondaPage" class="com.bikes.testCases.BikeDetailsTest"/>
        <method signature="UsedCarsTest.verifyChennai()[pri:0, instance:com.bikes.testCases.UsedCarsTest@730d2164]" name="verifyChennai" class="com.bikes.testCases.UsedCarsTest"/>
      </group> <!-- Regression Test -->
      <group name="Smoke Test">
        <method signature="BikeDetailsTest.clickUpComingBikes()[pri:1, instance:com.bikes.testCases.BikeDetailsTest@36804139]" name="clickUpComingBikes" class="com.bikes.testCases.BikeDetailsTest"/>
        <method signature="BikeDetailsTest.invokedriver()[pri:0, instance:com.bikes.testCases.BikeDetailsTest@36804139]" name="invokedriver" class="com.bikes.testCases.BikeDetailsTest"/>
        <method signature="BikeDetailsTest.selectHondaBikes()[pri:0, instance:com.bikes.testCases.BikeDetailsTest@36804139]" name="selectHondaBikes" class="com.bikes.testCases.BikeDetailsTest"/>
        <method signature="BikeDetailsTest.clickViewMore()[pri:0, instance:com.bikes.testCases.BikeDetailsTest@36804139]" name="clickViewMore" class="com.bikes.testCases.BikeDetailsTest"/>
        <method signature="BikeDetailsTest.displayUpcomingBikes()[pri:0, instance:com.bikes.testCases.BikeDetailsTest@36804139]" name="displayUpcomingBikes" class="com.bikes.testCases.BikeDetailsTest"/>
        <method signature="LoginTest.clickLogin2()[pri:1, instance:com.bikes.testCases.LoginTest@20bd8be5]" name="clickLogin2" class="com.bikes.testCases.LoginTest"/>
        <method signature="UsedCarsTest.selectChennai()[pri:0, instance:com.bikes.testCases.UsedCarsTest@730d2164]" name="selectChennai" class="com.bikes.testCases.UsedCarsTest"/>
        <method signature="UsedCarsTest.getPopularModels()[pri:0, instance:com.bikes.testCases.UsedCarsTest@730d2164]" name="getPopularModels" class="com.bikes.testCases.UsedCarsTest"/>
      </group> <!-- Smoke Test -->
      <group name="Regression">
        <method signature="LoginTest.clickLogin1()[pri:0, instance:com.bikes.testCases.LoginTest@20bd8be5]" name="clickLogin1" class="com.bikes.testCases.LoginTest"/>
      </group> <!-- Regression -->
    </groups>
    <test started-at="2021-07-08T09:02:19Z" name="Surefire test" finished-at="2021-07-08T09:02:22Z" duration-ms="3154">
      <class name="com.bikes.testCases.BikeDetailsTest">
        <test-method signature="invokedriver()[pri:0, instance:com.bikes.testCases.BikeDetailsTest@36804139]" started-at="2021-07-08T09:02:19Z" name="invokedriver" finished-at="2021-07-08T09:02:20Z" duration-ms="1196" status="FAIL">
          <exception class="org.openqa.selenium.SessionNotCreatedException">
            <message>
              <![CDATA[session not created: This version of ChromeDriver only supports Chrome version 89
Current browser version is 91.0.4472.124 with binary path C:\Program Files\Google\Chrome\Application\chrome.exe
Build info: version: '3.141.59', revision: 'e82be7d358', time: '2018-11-14T08:17:03'
System info: host: 'MCKL-20004788', ip: '192.168.1.7', os.name: 'Windows 10', os.arch: 'amd64', os.version: '10.0', java.version: '16.0.1'
Driver info: driver.version: ChromeDriver
remote stacktrace: Backtrace:
Ordinal0 [0x00E8E7D3+124883]
Ordinal0 [0x00E8E7B1+124849]
GetHandleVerifier [0x010D8688+193832]
GetHandleVerifier [0x010F3AC5+305509]
GetHandleVerifier [0x010F021B+291003]
GetHandleVerifier [0x010EE0AC+282444]
GetHandleVerifier [0x01114A90+440624]
GetHandleVerifier [0x011147FC+439964]
GetHandleVerifier [0x0111154B+426987]
GetHandleVerifier [0x010F4FFD+310941]
GetHandleVerifier [0x010F5D8E+314414]
GetHandleVerifier [0x010F5D19+314297]
GetHandleVerifier [0x011B31EC+1089676]
GetHandleVerifier [0x011B17C9+1082985]
GetHandleVerifier [0x011B13A3+1081923]
GetHandleVerifier [0x012AD9FD+2115741]
Ordinal0 [0x00FDB82E+1488942]
Ordinal0 [0x00F75A7D+1071741]
Ordinal0 [0x00F7559B+1070491]
Ordinal0 [0x00F754B1+1070257]
Ordinal0 [0x00FAFF53+1310547]
BaseThreadInitThunk [0x779EFA29+25]
RtlGetAppContainerNamedObjectPath [0x77C87A9E+286]
RtlGetAppContainerNamedObjectPath [0x77C87A6E+238]
]]>
            </message>
            <full-stacktrace>
              <![CDATA[org.openqa.selenium.SessionNotCreatedException: session not created: This version of ChromeDriver only supports Chrome version 89
Current browser version is 91.0.4472.124 with binary path C:\Program Files\Google\Chrome\Application\chrome.exe
Build info: version: '3.141.59', revision: 'e82be7d358', time: '2018-11-14T08:17:03'
System info: host: 'MCKL-20004788', ip: '192.168.1.7', os.name: 'Windows 10', os.arch: 'amd64', os.version: '10.0', java.version: '16.0.1'
Driver info: driver.version: ChromeDriver
remote stacktrace: Backtrace:
Ordinal0 [0x00E8E7D3+124883]
Ordinal0 [0x00E8E7B1+124849]
GetHandleVerifier [0x010D8688+193832]
GetHandleVerifier [0x010F3AC5+305509]
GetHandleVerifier [0x010F021B+291003]
GetHandleVerifier [0x010EE0AC+282444]
GetHandleVerifier [0x01114A90+440624]
GetHandleVerifier [0x011147FC+439964]
GetHandleVerifier [0x0111154B+426987]
GetHandleVerifier [0x010F4FFD+310941]
GetHandleVerifier [0x010F5D8E+314414]
GetHandleVerifier [0x010F5D19+314297]
GetHandleVerifier [0x011B31EC+1089676]
GetHandleVerifier [0x011B17C9+1082985]
GetHandleVerifier [0x011B13A3+1081923]
GetHandleVerifier [0x012AD9FD+2115741]
Ordinal0 [0x00FDB82E+1488942]
Ordinal0 [0x00F75A7D+1071741]
Ordinal0 [0x00F7559B+1070491]
Ordinal0 [0x00F754B1+1070257]
Ordinal0 [0x00FAFF53+1310547]
BaseThreadInitThunk [0x779EFA29+25]
RtlGetAppContainerNamedObjectPath [0x77C87A9E+286]
RtlGetAppContainerNamedObjectPath [0x77C87A6E+238]

at java.base/jdk.internal.reflect.NativeConstructorAccessorImpl.newInstance0(Native Method)
at java.base/jdk.internal.reflect.NativeConstructorAccessorImpl.newInstance(NativeConstructorAccessorImpl.java:78)
at java.base/jdk.internal.reflect.DelegatingConstructorAccessorImpl.newInstance(DelegatingConstructorAccessorImpl.java:45)
at java.base/java.lang.reflect.Constructor.newInstanceWithCaller(Constructor.java:499)
at java.base/java.lang.reflect.Constructor.newInstance(Constructor.java:480)
at org.openqa.selenium.remote.W3CHandshakeResponse.lambda$errorHandler$0(W3CHandshakeResponse.java:62)
at org.openqa.selenium.remote.HandshakeResponse.lambda$getResponseFunction$0(HandshakeResponse.java:30)
at org.openqa.selenium.remote.ProtocolHandshake.lambda$createSession$0(ProtocolHandshake.java:126)
at java.base/java.util.stream.ReferencePipeline$3$1.accept(ReferencePipeline.java:197)
at java.base/java.util.Spliterators$ArraySpliterator.tryAdvance(Spliterators.java:958)
at java.base/java.util.stream.ReferencePipeline.forEachWithCancel(ReferencePipeline.java:129)
at java.base/java.util.stream.AbstractPipeline.copyIntoWithCancel(AbstractPipeline.java:502)
at java.base/java.util.stream.AbstractPipeline.copyInto(AbstractPipeline.java:488)
at java.base/java.util.stream.AbstractPipeline.wrapAndCopyInto(AbstractPipeline.java:474)
at java.base/java.util.stream.FindOps$FindOp.evaluateSequential(FindOps.java:150)
at java.base/java.util.stream.AbstractPipeline.evaluate(AbstractPipeline.java:234)
at java.base/java.util.stream.ReferencePipeline.findFirst(ReferencePipeline.java:647)
at org.openqa.selenium.remote.ProtocolHandshake.createSession(ProtocolHandshake.java:128)
at org.openqa.selenium.remote.ProtocolHandshake.createSession(ProtocolHandshake.java:74)
at org.openqa.selenium.remote.HttpCommandExecutor.execute(HttpCommandExecutor.java:136)
at org.openqa.selenium.remote.service.DriverCommandExecutor.execute(DriverCommandExecutor.java:83)
at org.openqa.selenium.remote.RemoteWebDriver.execute(RemoteWebDriver.java:552)
at org.openqa.selenium.remote.RemoteWebDriver.startSession(RemoteWebDriver.java:213)
at org.openqa.selenium.remote.RemoteWebDriver.<init>(RemoteWebDriver.java:131)
at org.openqa.selenium.chrome.ChromeDriver.<init>(ChromeDriver.java:181)
at org.openqa.selenium.chrome.ChromeDriver.<init>(ChromeDriver.java:168)
at org.openqa.selenium.chrome.ChromeDriver.<init>(ChromeDriver.java:157)
at com.bikes.baseClass.TestBase.setupDriver(TestBase.java:75)
at com.bikes.testCases.BikeDetailsTest.invokedriver(BikeDetailsTest.java:25)
at java.base/jdk.internal.reflect.NativeMethodAccessorImpl.invoke0(Native Method)
at java.base/jdk.internal.reflect.NativeMethodAccessorImpl.invoke(NativeMethodAccessorImpl.java:78)
at java.base/jdk.internal.reflect.DelegatingMethodAccessorImpl.invoke(DelegatingMethodAccessorImpl.java:43)
at java.base/java.lang.reflect.Method.invoke(Method.java:567)
at org.testng.internal.MethodInvocationHelper.invokeMethod(MethodInvocationHelper.java:124)
at org.testng.internal.Invoker.invokeMethod(Invoker.java:583)
at org.testng.internal.Invoker.invokeTestMethod(Invoker.java:719)
at org.testng.internal.Invoker.invokeTestMethods(Invoker.java:989)
at org.testng.internal.TestMethodWorker.invokeTestMethods(TestMethodWorker.java:125)
at org.testng.internal.TestMethodWorker.run(TestMethodWorker.java:109)
at org.testng.TestRunner.privateRun(TestRunner.java:648)
at org.testng.TestRunner.run(TestRunner.java:505)
at org.testng.SuiteRunner.runTest(SuiteRunner.java:455)
at org.testng.SuiteRunner.runSequentially(SuiteRunner.java:450)
at org.testng.SuiteRunner.privateRun(SuiteRunner.java:415)
at org.testng.SuiteRunner.run(SuiteRunner.java:364)
at org.testng.SuiteRunnerWorker.runSuite(SuiteRunnerWorker.java:52)
at org.testng.SuiteRunnerWorker.run(SuiteRunnerWorker.java:84)
at org.testng.TestNG.runSuitesSequentially(TestNG.java:1208)
at org.testng.TestNG.runSuitesLocally(TestNG.java:1137)
at org.testng.TestNG.runSuites(TestNG.java:1049)
at org.testng.TestNG.run(TestNG.java:1017)
at org.apache.maven.surefire.testng.TestNGExecutor.run(TestNGExecutor.java:135)
at org.apache.maven.surefire.testng.TestNGDirectoryTestSuite.executeMulti(TestNGDirectoryTestSuite.java:193)
at org.apache.maven.surefire.testng.TestNGDirectoryTestSuite.execute(TestNGDirectoryTestSuite.java:94)
at org.apache.maven.surefire.testng.TestNGProvider.invoke(TestNGProvider.java:146)
at org.apache.maven.surefire.booter.ForkedBooter.invokeProviderInSameClassLoader(ForkedBooter.java:384)
at org.apache.maven.surefire.booter.ForkedBooter.runSuitesInProcess(ForkedBooter.java:345)
at org.apache.maven.surefire.booter.ForkedBooter.execute(ForkedBooter.java:126)
at org.apache.maven.surefire.booter.ForkedBooter.main(ForkedBooter.java:418)
]]>
            </full-stacktrace>
          </exception> <!-- org.openqa.selenium.SessionNotCreatedException -->
          <reporter-output>
          </reporter-output>
        </test-method> <!-- invokedriver -->
      </class> <!-- com.bikes.testCases.BikeDetailsTest -->
      <class name="com.bikes.testCases.UsedCarsTest">
        <test-method signature="selectChennai()[pri:0, instance:com.bikes.testCases.UsedCarsTest@730d2164]" started-at="2021-07-08T09:02:21Z" name="selectChennai" finished-at="2021-07-08T09:02:22Z" duration-ms="1019" status="FAIL">
          <exception class="org.openqa.selenium.SessionNotCreatedException">
            <message>
              <![CDATA[session not created: This version of ChromeDriver only supports Chrome version 89
Current browser version is 91.0.4472.124 with binary path C:\Program Files\Google\Chrome\Application\chrome.exe
Build info: version: '3.141.59', revision: 'e82be7d358', time: '2018-11-14T08:17:03'
System info: host: 'MCKL-20004788', ip: '192.168.1.7', os.name: 'Windows 10', os.arch: 'amd64', os.version: '10.0', java.version: '16.0.1'
Driver info: driver.version: ChromeDriver
remote stacktrace: Backtrace:
Ordinal0 [0x00E8E7D3+124883]
Ordinal0 [0x00E8E7B1+124849]
GetHandleVerifier [0x010D8688+193832]
GetHandleVerifier [0x010F3AC5+305509]
GetHandleVerifier [0x010F021B+291003]
GetHandleVerifier [0x010EE0AC+282444]
GetHandleVerifier [0x01114A90+440624]
GetHandleVerifier [0x011147FC+439964]
GetHandleVerifier [0x0111154B+426987]
GetHandleVerifier [0x010F4FFD+310941]
GetHandleVerifier [0x010F5D8E+314414]
GetHandleVerifier [0x010F5D19+314297]
GetHandleVerifier [0x011B31EC+1089676]
GetHandleVerifier [0x011B17C9+1082985]
GetHandleVerifier [0x011B13A3+1081923]
GetHandleVerifier [0x012AD9FD+2115741]
Ordinal0 [0x00FDB82E+1488942]
Ordinal0 [0x00F75A7D+1071741]
Ordinal0 [0x00F7559B+1070491]
Ordinal0 [0x00F754B1+1070257]
Ordinal0 [0x00FAFF53+1310547]
BaseThreadInitThunk [0x779EFA29+25]
RtlGetAppContainerNamedObjectPath [0x77C87A9E+286]
RtlGetAppContainerNamedObjectPath [0x77C87A6E+238]
]]>
            </message>
            <full-stacktrace>
              <![CDATA[org.openqa.selenium.SessionNotCreatedException: session not created: This version of ChromeDriver only supports Chrome version 89
Current browser version is 91.0.4472.124 with binary path C:\Program Files\Google\Chrome\Application\chrome.exe
Build info: version: '3.141.59', revision: 'e82be7d358', time: '2018-11-14T08:17:03'
System info: host: 'MCKL-20004788', ip: '192.168.1.7', os.name: 'Windows 10', os.arch: 'amd64', os.version: '10.0', java.version: '16.0.1'
Driver info: driver.version: ChromeDriver
remote stacktrace: Backtrace:
Ordinal0 [0x00E8E7D3+124883]
Ordinal0 [0x00E8E7B1+124849]
GetHandleVerifier [0x010D8688+193832]
GetHandleVerifier [0x010F3AC5+305509]
GetHandleVerifier [0x010F021B+291003]
GetHandleVerifier [0x010EE0AC+282444]
GetHandleVerifier [0x01114A90+440624]
GetHandleVerifier [0x011147FC+439964]
GetHandleVerifier [0x0111154B+426987]
GetHandleVerifier [0x010F4FFD+310941]
GetHandleVerifier [0x010F5D8E+314414]
GetHandleVerifier [0x010F5D19+314297]
GetHandleVerifier [0x011B31EC+1089676]
GetHandleVerifier [0x011B17C9+1082985]
GetHandleVerifier [0x011B13A3+1081923]
GetHandleVerifier [0x012AD9FD+2115741]
Ordinal0 [0x00FDB82E+1488942]
Ordinal0 [0x00F75A7D+1071741]
Ordinal0 [0x00F7559B+1070491]
Ordinal0 [0x00F754B1+1070257]
Ordinal0 [0x00FAFF53+1310547]
BaseThreadInitThunk [0x779EFA29+25]
RtlGetAppContainerNamedObjectPath [0x77C87A9E+286]
RtlGetAppContainerNamedObjectPath [0x77C87A6E+238]

at java.base/jdk.internal.reflect.NativeConstructorAccessorImpl.newInstance0(Native Method)
at java.base/jdk.internal.reflect.NativeConstructorAccessorImpl.newInstance(NativeConstructorAccessorImpl.java:78)
at java.base/jdk.internal.reflect.DelegatingConstructorAccessorImpl.newInstance(DelegatingConstructorAccessorImpl.java:45)
at java.base/java.lang.reflect.Constructor.newInstanceWithCaller(Constructor.java:499)
at java.base/java.lang.reflect.Constructor.newInstance(Constructor.java:480)
at org.openqa.selenium.remote.W3CHandshakeResponse.lambda$errorHandler$0(W3CHandshakeResponse.java:62)
at org.openqa.selenium.remote.HandshakeResponse.lambda$getResponseFunction$0(HandshakeResponse.java:30)
at org.openqa.selenium.remote.ProtocolHandshake.lambda$createSession$0(ProtocolHandshake.java:126)
at java.base/java.util.stream.ReferencePipeline$3$1.accept(ReferencePipeline.java:197)
at java.base/java.util.Spliterators$ArraySpliterator.tryAdvance(Spliterators.java:958)
at java.base/java.util.stream.ReferencePipeline.forEachWithCancel(ReferencePipeline.java:129)
at java.base/java.util.stream.AbstractPipeline.copyIntoWithCancel(AbstractPipeline.java:502)
at java.base/java.util.stream.AbstractPipeline.copyInto(AbstractPipeline.java:488)
at java.base/java.util.stream.AbstractPipeline.wrapAndCopyInto(AbstractPipeline.java:474)
at java.base/java.util.stream.FindOps$FindOp.evaluateSequential(FindOps.java:150)
at java.base/java.util.stream.AbstractPipeline.evaluate(AbstractPipeline.java:234)
at java.base/java.util.stream.ReferencePipeline.findFirst(ReferencePipeline.java:647)
at org.openqa.selenium.remote.ProtocolHandshake.createSession(ProtocolHandshake.java:128)
at org.openqa.selenium.remote.ProtocolHandshake.createSession(ProtocolHandshake.java:74)
at org.openqa.selenium.remote.HttpCommandExecutor.execute(HttpCommandExecutor.java:136)
at org.openqa.selenium.remote.service.DriverCommandExecutor.execute(DriverCommandExecutor.java:83)
at org.openqa.selenium.remote.RemoteWebDriver.execute(RemoteWebDriver.java:552)
at org.openqa.selenium.remote.RemoteWebDriver.startSession(RemoteWebDriver.java:213)
at org.openqa.selenium.remote.RemoteWebDriver.<init>(RemoteWebDriver.java:131)
at org.openqa.selenium.chrome.ChromeDriver.<init>(ChromeDriver.java:181)
at org.openqa.selenium.chrome.ChromeDriver.<init>(ChromeDriver.java:168)
at org.openqa.selenium.chrome.ChromeDriver.<init>(ChromeDriver.java:157)
at com.bikes.baseClass.TestBase.setupDriver(TestBase.java:75)
at com.bikes.testCases.UsedCarsTest.selectChennai(UsedCarsTest.java:22)
at java.base/jdk.internal.reflect.NativeMethodAccessorImpl.invoke0(Native Method)
at java.base/jdk.internal.reflect.NativeMethodAccessorImpl.invoke(NativeMethodAccessorImpl.java:78)
at java.base/jdk.internal.reflect.DelegatingMethodAccessorImpl.invoke(DelegatingMethodAccessorImpl.java:43)
at java.base/java.lang.reflect.Method.invoke(Method.java:567)
at org.testng.internal.MethodInvocationHelper.invokeMethod(MethodInvocationHelper.java:124)
at org.testng.internal.Invoker.invokeMethod(Invoker.java:583)
at org.testng.internal.Invoker.invokeTestMethod(Invoker.java:719)
at org.testng.internal.Invoker.invokeTestMethods(Invoker.java:989)
at org.testng.internal.TestMethodWorker.invokeTestMethods(TestMethodWorker.java:125)
at org.testng.internal.TestMethodWorker.run(TestMethodWorker.java:109)
at org.testng.TestRunner.privateRun(TestRunner.java:648)
at org.testng.TestRunner.run(TestRunner.java:505)
at org.testng.SuiteRunner.runTest(SuiteRunner.java:455)
at org.testng.SuiteRunner.runSequentially(SuiteRunner.java:450)
at org.testng.SuiteRunner.privateRun(SuiteRunner.java:415)
at org.testng.SuiteRunner.run(SuiteRunner.java:364)
at org.testng.SuiteRunnerWorker.runSuite(SuiteRunnerWorker.java:52)
at org.testng.SuiteRunnerWorker.run(SuiteRunnerWorker.java:84)
at org.testng.TestNG.runSuitesSequentially(TestNG.java:1208)
at org.testng.TestNG.runSuitesLocally(TestNG.java:1137)
at org.testng.TestNG.runSuites(TestNG.java:1049)
at org.testng.TestNG.run(TestNG.java:1017)
at org.apache.maven.surefire.testng.TestNGExecutor.run(TestNGExecutor.java:135)
at org.apache.maven.surefire.testng.TestNGDirectoryTestSuite.executeMulti(TestNGDirectoryTestSuite.java:193)
at org.apache.maven.surefire.testng.TestNGDirectoryTestSuite.execute(TestNGDirectoryTestSuite.java:94)
at org.apache.maven.surefire.testng.TestNGProvider.invoke(TestNGProvider.java:146)
at org.apache.maven.surefire.booter.ForkedBooter.invokeProviderInSameClassLoader(ForkedBooter.java:384)
at org.apache.maven.surefire.booter.ForkedBooter.runSuitesInProcess(ForkedBooter.java:345)
at org.apache.maven.surefire.booter.ForkedBooter.execute(ForkedBooter.java:126)
at org.apache.maven.surefire.booter.ForkedBooter.main(ForkedBooter.java:418)
]]>
            </full-stacktrace>
          </exception> <!-- org.openqa.selenium.SessionNotCreatedException -->
          <reporter-output>
          </reporter-output>
        </test-method> <!-- selectChennai -->
      </class> <!-- com.bikes.testCases.UsedCarsTest -->
      <class name="com.bikes.testCases.LoginTest">
        <test-method signature="clickLogin1()[pri:0, instance:com.bikes.testCases.LoginTest@20bd8be5]" started-at="2021-07-08T09:02:20Z" name="clickLogin1" finished-at="2021-07-08T09:02:21Z" duration-ms="914" status="FAIL">
          <exception class="org.openqa.selenium.SessionNotCreatedException">
            <message>
              <![CDATA[session not created: This version of ChromeDriver only supports Chrome version 89
Current browser version is 91.0.4472.124 with binary path C:\Program Files\Google\Chrome\Application\chrome.exe
Build info: version: '3.141.59', revision: 'e82be7d358', time: '2018-11-14T08:17:03'
System info: host: 'MCKL-20004788', ip: '192.168.1.7', os.name: 'Windows 10', os.arch: 'amd64', os.version: '10.0', java.version: '16.0.1'
Driver info: driver.version: ChromeDriver
remote stacktrace: Backtrace:
Ordinal0 [0x00E8E7D3+124883]
Ordinal0 [0x00E8E7B1+124849]
GetHandleVerifier [0x010D8688+193832]
GetHandleVerifier [0x010F3AC5+305509]
GetHandleVerifier [0x010F021B+291003]
GetHandleVerifier [0x010EE0AC+282444]
GetHandleVerifier [0x01114A90+440624]
GetHandleVerifier [0x011147FC+439964]
GetHandleVerifier [0x0111154B+426987]
GetHandleVerifier [0x010F4FFD+310941]
GetHandleVerifier [0x010F5D8E+314414]
GetHandleVerifier [0x010F5D19+314297]
GetHandleVerifier [0x011B31EC+1089676]
GetHandleVerifier [0x011B17C9+1082985]
GetHandleVerifier [0x011B13A3+1081923]
GetHandleVerifier [0x012AD9FD+2115741]
Ordinal0 [0x00FDB82E+1488942]
Ordinal0 [0x00F75A7D+1071741]
Ordinal0 [0x00F7559B+1070491]
Ordinal0 [0x00F754B1+1070257]
Ordinal0 [0x00FAFF53+1310547]
BaseThreadInitThunk [0x779EFA29+25]
RtlGetAppContainerNamedObjectPath [0x77C87A9E+286]
RtlGetAppContainerNamedObjectPath [0x77C87A6E+238]
]]>
            </message>
            <full-stacktrace>
              <![CDATA[org.openqa.selenium.SessionNotCreatedException: session not created: This version of ChromeDriver only supports Chrome version 89
Current browser version is 91.0.4472.124 with binary path C:\Program Files\Google\Chrome\Application\chrome.exe
Build info: version: '3.141.59', revision: 'e82be7d358', time: '2018-11-14T08:17:03'
System info: host: 'MCKL-20004788', ip: '192.168.1.7', os.name: 'Windows 10', os.arch: 'amd64', os.version: '10.0', java.version: '16.0.1'
Driver info: driver.version: ChromeDriver
remote stacktrace: Backtrace:
Ordinal0 [0x00E8E7D3+124883]
Ordinal0 [0x00E8E7B1+124849]
GetHandleVerifier [0x010D8688+193832]
GetHandleVerifier [0x010F3AC5+305509]
GetHandleVerifier [0x010F021B+291003]
GetHandleVerifier [0x010EE0AC+282444]
GetHandleVerifier [0x01114A90+440624]
GetHandleVerifier [0x011147FC+439964]
GetHandleVerifier [0x0111154B+426987]
GetHandleVerifier [0x010F4FFD+310941]
GetHandleVerifier [0x010F5D8E+314414]
GetHandleVerifier [0x010F5D19+314297]
GetHandleVerifier [0x011B31EC+1089676]
GetHandleVerifier [0x011B17C9+1082985]
GetHandleVerifier [0x011B13A3+1081923]
GetHandleVerifier [0x012AD9FD+2115741]
Ordinal0 [0x00FDB82E+1488942]
Ordinal0 [0x00F75A7D+1071741]
Ordinal0 [0x00F7559B+1070491]
Ordinal0 [0x00F754B1+1070257]
Ordinal0 [0x00FAFF53+1310547]
BaseThreadInitThunk [0x779EFA29+25]
RtlGetAppContainerNamedObjectPath [0x77C87A9E+286]
RtlGetAppContainerNamedObjectPath [0x77C87A6E+238]

at java.base/jdk.internal.reflect.NativeConstructorAccessorImpl.newInstance0(Native Method)
at java.base/jdk.internal.reflect.NativeConstructorAccessorImpl.newInstance(NativeConstructorAccessorImpl.java:78)
at java.base/jdk.internal.reflect.DelegatingConstructorAccessorImpl.newInstance(DelegatingConstructorAccessorImpl.java:45)
at java.base/java.lang.reflect.Constructor.newInstanceWithCaller(Constructor.java:499)
at java.base/java.lang.reflect.Constructor.newInstance(Constructor.java:480)
at org.openqa.selenium.remote.W3CHandshakeResponse.lambda$errorHandler$0(W3CHandshakeResponse.java:62)
at org.openqa.selenium.remote.HandshakeResponse.lambda$getResponseFunction$0(HandshakeResponse.java:30)
at org.openqa.selenium.remote.ProtocolHandshake.lambda$createSession$0(ProtocolHandshake.java:126)
at java.base/java.util.stream.ReferencePipeline$3$1.accept(ReferencePipeline.java:197)
at java.base/java.util.Spliterators$ArraySpliterator.tryAdvance(Spliterators.java:958)
at java.base/java.util.stream.ReferencePipeline.forEachWithCancel(ReferencePipeline.java:129)
at java.base/java.util.stream.AbstractPipeline.copyIntoWithCancel(AbstractPipeline.java:502)
at java.base/java.util.stream.AbstractPipeline.copyInto(AbstractPipeline.java:488)
at java.base/java.util.stream.AbstractPipeline.wrapAndCopyInto(AbstractPipeline.java:474)
at java.base/java.util.stream.FindOps$FindOp.evaluateSequential(FindOps.java:150)
at java.base/java.util.stream.AbstractPipeline.evaluate(AbstractPipeline.java:234)
at java.base/java.util.stream.ReferencePipeline.findFirst(ReferencePipeline.java:647)
at org.openqa.selenium.remote.ProtocolHandshake.createSession(ProtocolHandshake.java:128)
at org.openqa.selenium.remote.ProtocolHandshake.createSession(ProtocolHandshake.java:74)
at org.openqa.selenium.remote.HttpCommandExecutor.execute(HttpCommandExecutor.java:136)
at org.openqa.selenium.remote.service.DriverCommandExecutor.execute(DriverCommandExecutor.java:83)
at org.openqa.selenium.remote.RemoteWebDriver.execute(RemoteWebDriver.java:552)
at org.openqa.selenium.remote.RemoteWebDriver.startSession(RemoteWebDriver.java:213)
at org.openqa.selenium.remote.RemoteWebDriver.<init>(RemoteWebDriver.java:131)
at org.openqa.selenium.chrome.ChromeDriver.<init>(ChromeDriver.java:181)
at org.openqa.selenium.chrome.ChromeDriver.<init>(ChromeDriver.java:168)
at org.openqa.selenium.chrome.ChromeDriver.<init>(ChromeDriver.java:157)
at com.bikes.baseClass.TestBase.setupDriver(TestBase.java:75)
at com.bikes.testCases.LoginTest.clickLogin1(LoginTest.java:22)
at java.base/jdk.internal.reflect.NativeMethodAccessorImpl.invoke0(Native Method)
at java.base/jdk.internal.reflect.NativeMethodAccessorImpl.invoke(NativeMethodAccessorImpl.java:78)
at java.base/jdk.internal.reflect.DelegatingMethodAccessorImpl.invoke(DelegatingMethodAccessorImpl.java:43)
at java.base/java.lang.reflect.Method.invoke(Method.java:567)
at org.testng.internal.MethodInvocationHelper.invokeMethod(MethodInvocationHelper.java:124)
at org.testng.internal.Invoker.invokeMethod(Invoker.java:583)
at org.testng.internal.Invoker.invokeTestMethod(Invoker.java:719)
at org.testng.internal.Invoker.invokeTestMethods(Invoker.java:989)
at org.testng.internal.TestMethodWorker.invokeTestMethods(TestMethodWorker.java:125)
at org.testng.internal.TestMethodWorker.run(TestMethodWorker.java:109)
at org.testng.TestRunner.privateRun(TestRunner.java:648)
at org.testng.TestRunner.run(TestRunner.java:505)
at org.testng.SuiteRunner.runTest(SuiteRunner.java:455)
at org.testng.SuiteRunner.runSequentially(SuiteRunner.java:450)
at org.testng.SuiteRunner.privateRun(SuiteRunner.java:415)
at org.testng.SuiteRunner.run(SuiteRunner.java:364)
at org.testng.SuiteRunnerWorker.runSuite(SuiteRunnerWorker.java:52)
at org.testng.SuiteRunnerWorker.run(SuiteRunnerWorker.java:84)
at org.testng.TestNG.runSuitesSequentially(TestNG.java:1208)
at org.testng.TestNG.runSuitesLocally(TestNG.java:1137)
at org.testng.TestNG.runSuites(TestNG.java:1049)
at org.testng.TestNG.run(TestNG.java:1017)
at org.apache.maven.surefire.testng.TestNGExecutor.run(TestNGExecutor.java:135)
at org.apache.maven.surefire.testng.TestNGDirectoryTestSuite.executeMulti(TestNGDirectoryTestSuite.java:193)
at org.apache.maven.surefire.testng.TestNGDirectoryTestSuite.execute(TestNGDirectoryTestSuite.java:94)
at org.apache.maven.surefire.testng.TestNGProvider.invoke(TestNGProvider.java:146)
at org.apache.maven.surefire.booter.ForkedBooter.invokeProviderInSameClassLoader(ForkedBooter.java:384)
at org.apache.maven.surefire.booter.ForkedBooter.runSuitesInProcess(ForkedBooter.java:345)
at org.apache.maven.surefire.booter.ForkedBooter.execute(ForkedBooter.java:126)
at org.apache.maven.surefire.booter.ForkedBooter.main(ForkedBooter.java:418)
]]>
            </full-stacktrace>
          </exception> <!-- org.openqa.selenium.SessionNotCreatedException -->
          <reporter-output>
          </reporter-output>
        </test-method> <!-- clickLogin1 -->
      </class> <!-- com.bikes.testCases.LoginTest -->
    </test> <!-- Surefire test -->
  </suite> <!-- Surefire suite -->
</testng-results>
