<?xml version="1.0" encoding="UTF-8"?>
<!-- Generated by org.testng.reporters.JUnitXMLReporter -->
<testsuite ignored="0" hostname="MCKL-20004788" failures="3" tests="3" name="Surefire test" time="3.154" errors="0" timestamp="08 Jul 2021 09:02:22 GMT">
  <testcase classname="com.bikes.testCases.BikeDetailsTest" name="invokedriver" time="1.196">
    <failure type="org.openqa.selenium.SessionNotCreatedException" message="session not created: This version of ChromeDriver only supports Chrome version 89
Current browser version is 91.0.4472.124 with binary path C:\Program Files\Google\Chrome\Application\chrome.exe
Build info: version: &amp;apos;3.141.59&amp;apos;, revision: &amp;apos;e82be7d358&amp;apos;, time: &amp;apos;2018-11-14T08:17:03&amp;apos;
System info: host: &amp;apos;MCKL-20004788&amp;apos;, ip: &amp;apos;192.168.1.7&amp;apos;, os.name: &amp;apos;Windows 10&amp;apos;, os.arch: &amp;apos;amd64&amp;apos;, os.version: &amp;apos;10.0&amp;apos;, java.version: &amp;apos;16.0.1&amp;apos;
Driver info: driver.version: ChromeDriver
remote stacktrace: Backtrace:
	Ordinal0 [0x00E8E7D3+124883]
	Ordinal0 [0x00E8E7B1+124849]
	GetHandleVerifier [0x010D8688+193832]
	GetHandleVerifier [0x010F3AC5+305509]
	GetHandleVerifier [0x010F021B+291003]
	GetHandleVerifier [0x010EE0AC+282444]
	GetHandleVerifier [0x01114A90+440624]
	GetHandleVerifier [0x011147FC+439964]
	GetHandleVerifier [0x0111154B+426987]
	GetHandleVerifier [0x010F4FFD+310941]
	GetHandleVerifier [0x010F5D8E+314414]
	GetHandleVerifier [0x010F5D19+314297]
	GetHandleVerifier [0x011B31EC+1089676]
	GetHandleVerifier [0x011B17C9+1082985]
	GetHandleVerifier [0x011B13A3+1081923]
	GetHandleVerifier [0x012AD9FD+2115741]
	Ordinal0 [0x00FDB82E+1488942]
	Ordinal0 [0x00F75A7D+1071741]
	Ordinal0 [0x00F7559B+1070491]
	Ordinal0 [0x00F754B1+1070257]
	Ordinal0 [0x00FAFF53+1310547]
	BaseThreadInitThunk [0x779EFA29+25]
	RtlGetAppContainerNamedObjectPath [0x77C87A9E+286]
	RtlGetAppContainerNamedObjectPath [0x77C87A6E+238]
">
      <![CDATA[org.openqa.selenium.SessionNotCreatedException: session not created: This version of ChromeDriver only supports Chrome version 89
Current browser version is 91.0.4472.124 with binary path C:\Program Files\Google\Chrome\Application\chrome.exe
Build info: version: '3.141.59', revision: 'e82be7d358', time: '2018-11-14T08:17:03'
System info: host: 'MCKL-20004788', ip: '192.168.1.7', os.name: 'Windows 10', os.arch: 'amd64', os.version: '10.0', java.version: '16.0.1'
Driver info: driver.version: ChromeDriver
remote stacktrace: Backtrace:
Ordinal0 [0x00E8E7D3+124883]
Ordinal0 [0x00E8E7B1+124849]
GetHandleVerifier [0x010D8688+193832]
GetHandleVerifier [0x010F3AC5+305509]
GetHandleVerifier [0x010F021B+291003]
GetHandleVerifier [0x010EE0AC+282444]
GetHandleVerifier [0x01114A90+440624]
GetHandleVerifier [0x011147FC+439964]
GetHandleVerifier [0x0111154B+426987]
GetHandleVerifier [0x010F4FFD+310941]
GetHandleVerifier [0x010F5D8E+314414]
GetHandleVerifier [0x010F5D19+314297]
GetHandleVerifier [0x011B31EC+1089676]
GetHandleVerifier [0x011B17C9+1082985]
GetHandleVerifier [0x011B13A3+1081923]
GetHandleVerifier [0x012AD9FD+2115741]
Ordinal0 [0x00FDB82E+1488942]
Ordinal0 [0x00F75A7D+1071741]
Ordinal0 [0x00F7559B+1070491]
Ordinal0 [0x00F754B1+1070257]
Ordinal0 [0x00FAFF53+1310547]
BaseThreadInitThunk [0x779EFA29+25]
RtlGetAppContainerNamedObjectPath [0x77C87A9E+286]
RtlGetAppContainerNamedObjectPath [0x77C87A6E+238]

at org.openqa.selenium.remote.W3CHandshakeResponse.lambda$errorHandler$0(W3CHandshakeResponse.java:62)
at org.openqa.selenium.remote.HandshakeResponse.lambda$getResponseFunction$0(HandshakeResponse.java:30)
at org.openqa.selenium.remote.ProtocolHandshake.lambda$createSession$0(ProtocolHandshake.java:126)
at java.base/java.util.stream.ReferencePipeline$3$1.accept(ReferencePipeline.java:197)
at java.base/java.util.Spliterators$ArraySpliterator.tryAdvance(Spliterators.java:958)
at java.base/java.util.stream.ReferencePipeline.forEachWithCancel(ReferencePipeline.java:129)
at java.base/java.util.stream.AbstractPipeline.copyIntoWithCancel(AbstractPipeline.java:502)
at java.base/java.util.stream.AbstractPipeline.copyInto(AbstractPipeline.java:488)
at java.base/java.util.stream.AbstractPipeline.wrapAndCopyInto(AbstractPipeline.java:474)
at java.base/java.util.stream.FindOps$FindOp.evaluateSequential(FindOps.java:150)
at java.base/java.util.stream.AbstractPipeline.evaluate(AbstractPipeline.java:234)
at java.base/java.util.stream.ReferencePipeline.findFirst(ReferencePipeline.java:647)
at org.openqa.selenium.remote.ProtocolHandshake.createSession(ProtocolHandshake.java:128)
at org.openqa.selenium.remote.ProtocolHandshake.createSession(ProtocolHandshake.java:74)
at org.openqa.selenium.remote.HttpCommandExecutor.execute(HttpCommandExecutor.java:136)
at org.openqa.selenium.remote.service.DriverCommandExecutor.execute(DriverCommandExecutor.java:83)
at org.openqa.selenium.remote.RemoteWebDriver.execute(RemoteWebDriver.java:552)
at org.openqa.selenium.remote.RemoteWebDriver.startSession(RemoteWebDriver.java:213)
at org.openqa.selenium.remote.RemoteWebDriver.<init>(RemoteWebDriver.java:131)
at org.openqa.selenium.chrome.ChromeDriver.<init>(ChromeDriver.java:181)
at org.openqa.selenium.chrome.ChromeDriver.<init>(ChromeDriver.java:168)
at org.openqa.selenium.chrome.ChromeDriver.<init>(ChromeDriver.java:157)
at com.bikes.baseClass.TestBase.setupDriver(TestBase.java:75)
at com.bikes.testCases.BikeDetailsTest.invokedriver(BikeDetailsTest.java:25)
... Removed 35 stack frames]]>
    </failure>
  </testcase> <!-- invokedriver -->
  <testcase classname="com.bikes.testCases.LoginTest" name="clickLogin1" time="0.914">
    <failure type="org.openqa.selenium.SessionNotCreatedException" message="session not created: This version of ChromeDriver only supports Chrome version 89
Current browser version is 91.0.4472.124 with binary path C:\Program Files\Google\Chrome\Application\chrome.exe
Build info: version: &amp;apos;3.141.59&amp;apos;, revision: &amp;apos;e82be7d358&amp;apos;, time: &amp;apos;2018-11-14T08:17:03&amp;apos;
System info: host: &amp;apos;MCKL-20004788&amp;apos;, ip: &amp;apos;192.168.1.7&amp;apos;, os.name: &amp;apos;Windows 10&amp;apos;, os.arch: &amp;apos;amd64&amp;apos;, os.version: &amp;apos;10.0&amp;apos;, java.version: &amp;apos;16.0.1&amp;apos;
Driver info: driver.version: ChromeDriver
remote stacktrace: Backtrace:
	Ordinal0 [0x00E8E7D3+124883]
	Ordinal0 [0x00E8E7B1+124849]
	GetHandleVerifier [0x010D8688+193832]
	GetHandleVerifier [0x010F3AC5+305509]
	GetHandleVerifier [0x010F021B+291003]
	GetHandleVerifier [0x010EE0AC+282444]
	GetHandleVerifier [0x01114A90+440624]
	GetHandleVerifier [0x011147FC+439964]
	GetHandleVerifier [0x0111154B+426987]
	GetHandleVerifier [0x010F4FFD+310941]
	GetHandleVerifier [0x010F5D8E+314414]
	GetHandleVerifier [0x010F5D19+314297]
	GetHandleVerifier [0x011B31EC+1089676]
	GetHandleVerifier [0x011B17C9+1082985]
	GetHandleVerifier [0x011B13A3+1081923]
	GetHandleVerifier [0x012AD9FD+2115741]
	Ordinal0 [0x00FDB82E+1488942]
	Ordinal0 [0x00F75A7D+1071741]
	Ordinal0 [0x00F7559B+1070491]
	Ordinal0 [0x00F754B1+1070257]
	Ordinal0 [0x00FAFF53+1310547]
	BaseThreadInitThunk [0x779EFA29+25]
	RtlGetAppContainerNamedObjectPath [0x77C87A9E+286]
	RtlGetAppContainerNamedObjectPath [0x77C87A6E+238]
">
      <![CDATA[org.openqa.selenium.SessionNotCreatedException: session not created: This version of ChromeDriver only supports Chrome version 89
Current browser version is 91.0.4472.124 with binary path C:\Program Files\Google\Chrome\Application\chrome.exe
Build info: version: '3.141.59', revision: 'e82be7d358', time: '2018-11-14T08:17:03'
System info: host: 'MCKL-20004788', ip: '192.168.1.7', os.name: 'Windows 10', os.arch: 'amd64', os.version: '10.0', java.version: '16.0.1'
Driver info: driver.version: ChromeDriver
remote stacktrace: Backtrace:
Ordinal0 [0x00E8E7D3+124883]
Ordinal0 [0x00E8E7B1+124849]
GetHandleVerifier [0x010D8688+193832]
GetHandleVerifier [0x010F3AC5+305509]
GetHandleVerifier [0x010F021B+291003]
GetHandleVerifier [0x010EE0AC+282444]
GetHandleVerifier [0x01114A90+440624]
GetHandleVerifier [0x011147FC+439964]
GetHandleVerifier [0x0111154B+426987]
GetHandleVerifier [0x010F4FFD+310941]
GetHandleVerifier [0x010F5D8E+314414]
GetHandleVerifier [0x010F5D19+314297]
GetHandleVerifier [0x011B31EC+1089676]
GetHandleVerifier [0x011B17C9+1082985]
GetHandleVerifier [0x011B13A3+1081923]
GetHandleVerifier [0x012AD9FD+2115741]
Ordinal0 [0x00FDB82E+1488942]
Ordinal0 [0x00F75A7D+1071741]
Ordinal0 [0x00F7559B+1070491]
Ordinal0 [0x00F754B1+1070257]
Ordinal0 [0x00FAFF53+1310547]
BaseThreadInitThunk [0x779EFA29+25]
RtlGetAppContainerNamedObjectPath [0x77C87A9E+286]
RtlGetAppContainerNamedObjectPath [0x77C87A6E+238]

at org.openqa.selenium.remote.W3CHandshakeResponse.lambda$errorHandler$0(W3CHandshakeResponse.java:62)
at org.openqa.selenium.remote.HandshakeResponse.lambda$getResponseFunction$0(HandshakeResponse.java:30)
at org.openqa.selenium.remote.ProtocolHandshake.lambda$createSession$0(ProtocolHandshake.java:126)
at java.base/java.util.stream.ReferencePipeline$3$1.accept(ReferencePipeline.java:197)
at java.base/java.util.Spliterators$ArraySpliterator.tryAdvance(Spliterators.java:958)
at java.base/java.util.stream.ReferencePipeline.forEachWithCancel(ReferencePipeline.java:129)
at java.base/java.util.stream.AbstractPipeline.copyIntoWithCancel(AbstractPipeline.java:502)
at java.base/java.util.stream.AbstractPipeline.copyInto(AbstractPipeline.java:488)
at java.base/java.util.stream.AbstractPipeline.wrapAndCopyInto(AbstractPipeline.java:474)
at java.base/java.util.stream.FindOps$FindOp.evaluateSequential(FindOps.java:150)
at java.base/java.util.stream.AbstractPipeline.evaluate(AbstractPipeline.java:234)
at java.base/java.util.stream.ReferencePipeline.findFirst(ReferencePipeline.java:647)
at org.openqa.selenium.remote.ProtocolHandshake.createSession(ProtocolHandshake.java:128)
at org.openqa.selenium.remote.ProtocolHandshake.createSession(ProtocolHandshake.java:74)
at org.openqa.selenium.remote.HttpCommandExecutor.execute(HttpCommandExecutor.java:136)
at org.openqa.selenium.remote.service.DriverCommandExecutor.execute(DriverCommandExecutor.java:83)
at org.openqa.selenium.remote.RemoteWebDriver.execute(RemoteWebDriver.java:552)
at org.openqa.selenium.remote.RemoteWebDriver.startSession(RemoteWebDriver.java:213)
at org.openqa.selenium.remote.RemoteWebDriver.<init>(RemoteWebDriver.java:131)
at org.openqa.selenium.chrome.ChromeDriver.<init>(ChromeDriver.java:181)
at org.openqa.selenium.chrome.ChromeDriver.<init>(ChromeDriver.java:168)
at org.openqa.selenium.chrome.ChromeDriver.<init>(ChromeDriver.java:157)
at com.bikes.baseClass.TestBase.setupDriver(TestBase.java:75)
at com.bikes.testCases.LoginTest.clickLogin1(LoginTest.java:22)
... Removed 35 stack frames]]>
    </failure>
  </testcase> <!-- clickLogin1 -->
  <testcase classname="com.bikes.testCases.UsedCarsTest" name="selectChennai" time="1.019">
    <failure type="org.openqa.selenium.SessionNotCreatedException" message="session not created: This version of ChromeDriver only supports Chrome version 89
Current browser version is 91.0.4472.124 with binary path C:\Program Files\Google\Chrome\Application\chrome.exe
Build info: version: &amp;apos;3.141.59&amp;apos;, revision: &amp;apos;e82be7d358&amp;apos;, time: &amp;apos;2018-11-14T08:17:03&amp;apos;
System info: host: &amp;apos;MCKL-20004788&amp;apos;, ip: &amp;apos;192.168.1.7&amp;apos;, os.name: &amp;apos;Windows 10&amp;apos;, os.arch: &amp;apos;amd64&amp;apos;, os.version: &amp;apos;10.0&amp;apos;, java.version: &amp;apos;16.0.1&amp;apos;
Driver info: driver.version: ChromeDriver
remote stacktrace: Backtrace:
	Ordinal0 [0x00E8E7D3+124883]
	Ordinal0 [0x00E8E7B1+124849]
	GetHandleVerifier [0x010D8688+193832]
	GetHandleVerifier [0x010F3AC5+305509]
	GetHandleVerifier [0x010F021B+291003]
	GetHandleVerifier [0x010EE0AC+282444]
	GetHandleVerifier [0x01114A90+440624]
	GetHandleVerifier [0x011147FC+439964]
	GetHandleVerifier [0x0111154B+426987]
	GetHandleVerifier [0x010F4FFD+310941]
	GetHandleVerifier [0x010F5D8E+314414]
	GetHandleVerifier [0x010F5D19+314297]
	GetHandleVerifier [0x011B31EC+1089676]
	GetHandleVerifier [0x011B17C9+1082985]
	GetHandleVerifier [0x011B13A3+1081923]
	GetHandleVerifier [0x012AD9FD+2115741]
	Ordinal0 [0x00FDB82E+1488942]
	Ordinal0 [0x00F75A7D+1071741]
	Ordinal0 [0x00F7559B+1070491]
	Ordinal0 [0x00F754B1+1070257]
	Ordinal0 [0x00FAFF53+1310547]
	BaseThreadInitThunk [0x779EFA29+25]
	RtlGetAppContainerNamedObjectPath [0x77C87A9E+286]
	RtlGetAppContainerNamedObjectPath [0x77C87A6E+238]
">
      <![CDATA[org.openqa.selenium.SessionNotCreatedException: session not created: This version of ChromeDriver only supports Chrome version 89
Current browser version is 91.0.4472.124 with binary path C:\Program Files\Google\Chrome\Application\chrome.exe
Build info: version: '3.141.59', revision: 'e82be7d358', time: '2018-11-14T08:17:03'
System info: host: 'MCKL-20004788', ip: '192.168.1.7', os.name: 'Windows 10', os.arch: 'amd64', os.version: '10.0', java.version: '16.0.1'
Driver info: driver.version: ChromeDriver
remote stacktrace: Backtrace:
Ordinal0 [0x00E8E7D3+124883]
Ordinal0 [0x00E8E7B1+124849]
GetHandleVerifier [0x010D8688+193832]
GetHandleVerifier [0x010F3AC5+305509]
GetHandleVerifier [0x010F021B+291003]
GetHandleVerifier [0x010EE0AC+282444]
GetHandleVerifier [0x01114A90+440624]
GetHandleVerifier [0x011147FC+439964]
GetHandleVerifier [0x0111154B+426987]
GetHandleVerifier [0x010F4FFD+310941]
GetHandleVerifier [0x010F5D8E+314414]
GetHandleVerifier [0x010F5D19+314297]
GetHandleVerifier [0x011B31EC+1089676]
GetHandleVerifier [0x011B17C9+1082985]
GetHandleVerifier [0x011B13A3+1081923]
GetHandleVerifier [0x012AD9FD+2115741]
Ordinal0 [0x00FDB82E+1488942]
Ordinal0 [0x00F75A7D+1071741]
Ordinal0 [0x00F7559B+1070491]
Ordinal0 [0x00F754B1+1070257]
Ordinal0 [0x00FAFF53+1310547]
BaseThreadInitThunk [0x779EFA29+25]
RtlGetAppContainerNamedObjectPath [0x77C87A9E+286]
RtlGetAppContainerNamedObjectPath [0x77C87A6E+238]

at org.openqa.selenium.remote.W3CHandshakeResponse.lambda$errorHandler$0(W3CHandshakeResponse.java:62)
at org.openqa.selenium.remote.HandshakeResponse.lambda$getResponseFunction$0(HandshakeResponse.java:30)
at org.openqa.selenium.remote.ProtocolHandshake.lambda$createSession$0(ProtocolHandshake.java:126)
at java.base/java.util.stream.ReferencePipeline$3$1.accept(ReferencePipeline.java:197)
at java.base/java.util.Spliterators$ArraySpliterator.tryAdvance(Spliterators.java:958)
at java.base/java.util.stream.ReferencePipeline.forEachWithCancel(ReferencePipeline.java:129)
at java.base/java.util.stream.AbstractPipeline.copyIntoWithCancel(AbstractPipeline.java:502)
at java.base/java.util.stream.AbstractPipeline.copyInto(AbstractPipeline.java:488)
at java.base/java.util.stream.AbstractPipeline.wrapAndCopyInto(AbstractPipeline.java:474)
at java.base/java.util.stream.FindOps$FindOp.evaluateSequential(FindOps.java:150)
at java.base/java.util.stream.AbstractPipeline.evaluate(AbstractPipeline.java:234)
at java.base/java.util.stream.ReferencePipeline.findFirst(ReferencePipeline.java:647)
at org.openqa.selenium.remote.ProtocolHandshake.createSession(ProtocolHandshake.java:128)
at org.openqa.selenium.remote.ProtocolHandshake.createSession(ProtocolHandshake.java:74)
at org.openqa.selenium.remote.HttpCommandExecutor.execute(HttpCommandExecutor.java:136)
at org.openqa.selenium.remote.service.DriverCommandExecutor.execute(DriverCommandExecutor.java:83)
at org.openqa.selenium.remote.RemoteWebDriver.execute(RemoteWebDriver.java:552)
at org.openqa.selenium.remote.RemoteWebDriver.startSession(RemoteWebDriver.java:213)
at org.openqa.selenium.remote.RemoteWebDriver.<init>(RemoteWebDriver.java:131)
at org.openqa.selenium.chrome.ChromeDriver.<init>(ChromeDriver.java:181)
at org.openqa.selenium.chrome.ChromeDriver.<init>(ChromeDriver.java:168)
at org.openqa.selenium.chrome.ChromeDriver.<init>(ChromeDriver.java:157)
at com.bikes.baseClass.TestBase.setupDriver(TestBase.java:75)
at com.bikes.testCases.UsedCarsTest.selectChennai(UsedCarsTest.java:22)
... Removed 35 stack frames]]>
    </failure>
  </testcase> <!-- selectChennai -->
</testsuite> <!-- Surefire test -->
